<?xml version="1.0" encoding="UTF-8"?>
<!-- Generated by org.testng.reporters.JUnitXMLReporter -->
<testsuite hostname="c263" name="SmokeTest" tests="1" failures="1" timestamp="11 Feb 2015 18:52:27 GMT" time="0.031" errors="0">
  <testcase name="someTest" time="0.011" classname="functional.Lesson3">
    <failure type="java.lang.AssertionError" message="expected [h] but found [ABCD]">
      <![CDATA[java.lang.AssertionError: expected [h] but found [ABCD]
	at functional.Lesson3.someTest(Lesson3.java:19)
... Removed 32 stack frames]]>
    </failure>
  </testcase> <!-- someTest -->
</testsuite> <!-- SmokeTest -->
